<?xml version="1.0" encoding="UTF-8"?>
<testng-results ignored="1" total="4" passed="3" failed="0" skipped="0">
  <reporter-output>
  </reporter-output>
  <suite started-at="2020-11-25T08:28:51Z" name="Default suite" finished-at="2020-11-25T08:29:03Z" duration-ms="12181">
    <groups>
    </groups>
    <test started-at="2020-11-25T08:28:51Z" name="Default test" finished-at="2020-11-25T08:29:03Z" duration-ms="12181">
      <class name="apiTests.PetInfo">
        <test-method is-config="true" signature="setUp()[pri:0, instance:apiTests.PetInfo@327b636c]" started-at="2020-11-25T08:28:51Z" name="setUp" finished-at="2020-11-25T08:28:51Z" duration-ms="125" status="PASS">
          <reporter-output>
          </reporter-output>
        </test-method> <!-- setUp -->
        <test-method is-config="true" signature="beforeMethod(java.lang.reflect.Method)[pri:0, instance:apiTests.PetInfo@327b636c]" started-at="2020-11-25T08:28:51Z" name="beforeMethod" finished-at="2020-11-25T08:28:51Z" duration-ms="3" status="PASS">
          <params>
            <param index="0">
              <value>
                <![CDATA[public void apiTests.PetInfo.addNewPet()]]>
              </value>
            </param>
          </params>
          <reporter-output>
          </reporter-output>
        </test-method> <!-- beforeMethod -->
        <test-method signature="addNewPet()[pri:0, instance:apiTests.PetInfo@327b636c]" started-at="2020-11-25T08:28:51Z" name="addNewPet" finished-at="2020-11-25T08:28:56Z" duration-ms="4225" status="PASS">
          <reporter-output>
          </reporter-output>
        </test-method> <!-- addNewPet -->
        <test-method is-config="true" signature="teardown()[pri:0, instance:apiTests.PetInfo@327b636c]" started-at="2020-11-25T08:28:56Z" name="teardown" finished-at="2020-11-25T08:28:56Z" duration-ms="176" status="PASS">
          <reporter-output>
          </reporter-output>
        </test-method> <!-- teardown -->
        <test-method is-config="true" signature="beforeMethod(java.lang.reflect.Method)[pri:0, instance:apiTests.PetInfo@327b636c]" started-at="2020-11-25T08:28:56Z" name="beforeMethod" finished-at="2020-11-25T08:28:56Z" duration-ms="0" status="PASS">
          <params>
            <param index="0">
              <value>
                <![CDATA[public void apiTests.PetInfo.getAvailablePets()]]>
              </value>
            </param>
          </params>
          <reporter-output>
          </reporter-output>
        </test-method> <!-- beforeMethod -->
        <test-method signature="getAvailablePets()[pri:0, instance:apiTests.PetInfo@327b636c]" started-at="2020-11-25T08:28:56Z" name="getAvailablePets" finished-at="2020-11-25T08:28:59Z" duration-ms="3659" status="PASS">
          <reporter-output>
          </reporter-output>
        </test-method> <!-- getAvailablePets -->
        <test-method is-config="true" signature="teardown()[pri:0, instance:apiTests.PetInfo@327b636c]" started-at="2020-11-25T08:28:59Z" name="teardown" finished-at="2020-11-25T08:28:59Z" duration-ms="39" status="PASS">
          <reporter-output>
          </reporter-output>
        </test-method> <!-- teardown -->
        <test-method is-config="true" signature="beforeMethod(java.lang.reflect.Method)[pri:0, instance:apiTests.PetInfo@327b636c]" started-at="2020-11-25T08:28:59Z" name="beforeMethod" finished-at="2020-11-25T08:28:59Z" duration-ms="0" status="PASS">
          <params>
            <param index="0">
              <value>
                <![CDATA[public void apiTests.PetInfo.updatePetStatus()]]>
              </value>
            </param>
          </params>
          <reporter-output>
          </reporter-output>
        </test-method> <!-- beforeMethod -->
        <test-method signature="updatePetStatus()[pri:0, instance:apiTests.PetInfo@327b636c]" started-at="2020-11-25T08:28:59Z" name="updatePetStatus" finished-at="2020-11-25T08:29:03Z" duration-ms="3901" status="PASS">
          <reporter-output>
          </reporter-output>
        </test-method> <!-- updatePetStatus -->
        <test-method is-config="true" signature="teardown()[pri:0, instance:apiTests.PetInfo@327b636c]" started-at="2020-11-25T08:29:03Z" name="teardown" finished-at="2020-11-25T08:29:03Z" duration-ms="35" status="PASS">
          <reporter-output>
          </reporter-output>
        </test-method> <!-- teardown -->
      </class> <!-- apiTests.PetInfo -->
    </test> <!-- Default test -->
  </suite> <!-- Default suite -->
</testng-results>
