<?xml version="1.0" encoding="UTF-8"?>
<!-- Generated by org.testng.reporters.JUnitXMLReporter -->
<testsuite ignored="1" hostname="WKWIN2953833" failures="0" tests="3" name="Default test" time="12.181" errors="0" timestamp="25 Nov 2020 08:29:03 GMT">
  <testcase classname="apiTests.PetInfo" name="addNewPet" time="4.225"/>
  <testcase classname="apiTests.PetInfo" name="getAvailablePets" time="3.659"/>
  <testcase classname="apiTests.PetInfo" name="updatePetStatus" time="3.901"/>
  <testcase classname="apiTests.PetInfo" name="deletePet" time="0.0">
    <ignored/>
  </testcase> <!-- deletePet -->
</testsuite> <!-- Default test -->
